Flow report for SystemFPGA
Sun Feb 21 19:22:18 2021
Quartus Prime Version 18.1.0 Build 625 09/12/2018 SJ Lite Edition


---------------------
; Table of Contents ;
---------------------
  1. Legal Notice
  2. Flow Summary
  3. Flow Settings
  4. Flow Non-Default Global Settings
  5. Flow Elapsed Time
  6. Flow OS Summary
  7. Flow Log
  8. Flow Messages
  9. Flow Suppressed Messages



----------------
; Legal Notice ;
----------------
Copyright (C) 2018  Intel Corporation. All rights reserved.
Your use of Intel Corporation's design tools, logic functions 
and other software and tools, and its AMPP partner logic 
functions, and any output files from any of the foregoing 
(including device programming or simulation files), and any 
associated documentation or information are expressly subject 
to the terms and conditions of the Intel Program License 
Subscription Agreement, the Intel Quartus Prime License Agreement,
the Intel FPGA IP License Agreement, or other applicable license
agreement, including, without limitation, that your use is for
the sole purpose of programming logic devices manufactured by
Intel and sold by Intel or its authorized distributors.  Please
refer to the applicable agreement for further details.



+-------------------------------------------------------------------------------+
; Flow Summary                                                                  ;
+---------------------------------+---------------------------------------------+
; Flow Status                     ; Successful - Sun Feb 21 19:22:18 2021       ;
; Quartus Prime Version           ; 18.1.0 Build 625 09/12/2018 SJ Lite Edition ;
; Revision Name                   ; SystemFPGA                                  ;
; Top-level Entity Name           ; SystemFPGA                                  ;
; Family                          ; Cyclone V                                   ;
; Device                          ; 5CSEMA5F31C6                                ;
; Timing Models                   ; Final                                       ;
; Logic utilization (in ALMs)     ; 2,730 / 32,070 ( 9 % )                      ;
; Total registers                 ; 1602                                        ;
; Total pins                      ; 22 / 457 ( 5 % )                            ;
; Total virtual pins              ; 0                                           ;
; Total block memory bits         ; 262,144 / 4,065,280 ( 6 % )                 ;
; Total DSP Blocks                ; 3 / 87 ( 3 % )                              ;
; Total HSSI RX PCSs              ; 0                                           ;
; Total HSSI PMA RX Deserializers ; 0                                           ;
; Total HSSI TX PCSs              ; 0                                           ;
; Total HSSI PMA TX Serializers   ; 0                                           ;
; Total PLLs                      ; 0 / 6 ( 0 % )                               ;
; Total DLLs                      ; 0 / 4 ( 0 % )                               ;
+---------------------------------+---------------------------------------------+


+-----------------------------------------+
; Flow Settings                           ;
+-------------------+---------------------+
; Option            ; Setting             ;
+-------------------+---------------------+
; Start date & time ; 02/21/2021 19:17:48 ;
; Main task         ; Compilation         ;
; Revision Name     ; SystemFPGA          ;
+-------------------+---------------------+


+----------------------------------------------------------------------------------------------------------------------------------------------------------------------------------+
; Flow Non-Default Global Settings                                                                                                                                                 ;
+---------------------------------------+------------------------------------------------------------------------------------+---------------------+--------------+----------------+
; Assignment Name                       ; Value                                                                              ; Default Value       ; Entity Name  ; Section Id     ;
+---------------------------------------+------------------------------------------------------------------------------------+---------------------+--------------+----------------+
; ALLOW_REGISTER_DUPLICATION            ; Off                                                                                ; On                  ; --           ; --             ;
; ALLOW_REGISTER_RETIMING               ; Off                                                                                ; On                  ; --           ; --             ;
; COMPILER_SIGNATURE_ID                 ; 167929431472211.161393146817940                                                    ; --                  ; --           ; --             ;
; EDA_OUTPUT_DATA_FORMAT                ; Vhdl                                                                               ; --                  ; --           ; eda_simulation ;
; EDA_SIMULATION_TOOL                   ; ModelSim (VHDL)                                                                    ; <None>              ; --           ; --             ;
; EDA_TIME_SCALE                        ; 1 ps                                                                               ; --                  ; --           ; eda_simulation ;
; ENABLE_SIGNALTAP                      ; Off                                                                                ; --                  ; --           ; --             ;
; FITTER_EFFORT                         ; Standard Fit                                                                       ; Auto Fit            ; --           ; --             ;
; FMAX_REQUIREMENT                      ; 50 MHz                                                                             ; --                  ; --           ; --             ;
; MAX_CORE_JUNCTION_TEMP                ; 85                                                                                 ; --                  ; --           ; --             ;
; MIN_CORE_JUNCTION_TEMP                ; 0                                                                                  ; --                  ; --           ; --             ;
; MISC_FILE                             ; X:/src/grpSystem/unitSystemFPGA/riscv_system/synthesis/../riscv_system.cmp         ; --                  ; --           ; --             ;
; MISC_FILE                             ; X:/src/grpSystem/unitSystemFPGA/riscv_system/synthesis/../../riscv_system.qsys     ; --                  ; --           ; --             ;
; MUX_RESTRUCTURE                       ; Off                                                                                ; Auto                ; --           ; --             ;
; NUM_PARALLEL_PROCESSORS               ; All                                                                                ; --                  ; --           ; --             ;
; OPTIMIZATION_MODE                     ; Aggressive Performance                                                             ; Balanced            ; --           ; --             ;
; OPTIMIZATION_TECHNIQUE                ; Speed                                                                              ; Balanced            ; --           ; --             ;
; PARTITION_COLOR                       ; -- (Not supported for targeted family)                                             ; --                  ; --           ; Top            ;
; PARTITION_FITTER_PRESERVATION_LEVEL   ; -- (Not supported for targeted family)                                             ; --                  ; --           ; Top            ;
; PARTITION_NETLIST_TYPE                ; -- (Not supported for targeted family)                                             ; --                  ; --           ; Top            ;
; PHYSICAL_SYNTHESIS_COMBO_LOGIC        ; On                                                                                 ; Off                 ; --           ; --             ;
; PLACEMENT_EFFORT_MULTIPLIER           ; 4.0                                                                                ; 1.0                 ; --           ; --             ;
; POWER_BOARD_THERMAL_MODEL             ; None (CONSERVATIVE)                                                                ; --                  ; --           ; --             ;
; POWER_PRESET_COOLING_SOLUTION         ; 23 MM HEAT SINK WITH 200 LFPM AIRFLOW                                              ; --                  ; --           ; --             ;
; READ_OR_WRITE_IN_BYTE_ADDRESS         ; On                                                                                 ; Use global settings ; --           ; --             ;
; ROUTER_REGISTER_DUPLICATION           ; Off                                                                                ; Auto                ; --           ; --             ;
; ROUTER_TIMING_OPTIMIZATION_LEVEL      ; MAXIMUM                                                                            ; Normal              ; --           ; --             ;
; SLD_FILE                              ; X:/src/grpSystem/unitSystemFPGA/riscv_system/synthesis/riscv_system.regmap         ; --                  ; --           ; --             ;
; SLD_FILE                              ; X:/src/grpSystem/unitSystemFPGA/riscv_system/synthesis/riscv_system.debuginfo      ; --                  ; --           ; --             ;
; SLD_INFO                              ; QSYS_NAME riscv_system HAS_SOPCINFO 1 GENERATION_ID 1613931438                     ; --                  ; riscv_system ; --             ;
; SOPCINFO_FILE                         ; X:/src/grpSystem/unitSystemFPGA/riscv_system/synthesis/../../riscv_system.sopcinfo ; --                  ; --           ; --             ;
; SYNTHESIS_ONLY_QIP                    ; On                                                                                 ; --                  ; --           ; --             ;
; USE_DLL_FREQUENCY_FOR_DQS_DELAY_CHAIN ; On                                                                                 ; Off                 ; --           ; --             ;
; USE_SIGNALTAP_FILE                    ; debug_signal_analyer.stp                                                           ; --                  ; --           ; --             ;
; VCCBAT_USER_VOLTAGE                   ; 2.5V                                                                               ; --                  ; --           ; --             ;
; VCCPGM_USER_VOLTAGE                   ; 3.3V                                                                               ; --                  ; --           ; --             ;
; VCCRSTCLK_HPS_USER_VOLTAGE            ; 3.3V                                                                               ; --                  ; --           ; --             ;
+---------------------------------------+------------------------------------------------------------------------------------+---------------------+--------------+----------------+


+--------------------------------------------------------------------------------------------------------------------------+
; Flow Elapsed Time                                                                                                        ;
+----------------------+--------------+-------------------------+---------------------+------------------------------------+
; Module Name          ; Elapsed Time ; Average Processors Used ; Peak Virtual Memory ; Total CPU Time (on all processors) ;
+----------------------+--------------+-------------------------+---------------------+------------------------------------+
; Analysis & Synthesis ; 00:00:29     ; 1.0                     ; 4961 MB             ; 00:00:37                           ;
; Fitter               ; 00:03:28     ; 1.2                     ; 7273 MB             ; 00:14:37                           ;
; Assembler            ; 00:00:12     ; 1.0                     ; 4890 MB             ; 00:00:10                           ;
; Timing Analyzer      ; 00:00:11     ; 2.4                     ; 5504 MB             ; 00:00:25                           ;
; EDA Netlist Writer   ; 00:00:02     ; 1.0                     ; 4825 MB             ; 00:00:03                           ;
; Total                ; 00:04:22     ; --                      ; --                  ; 00:15:52                           ;
+----------------------+--------------+-------------------------+---------------------+------------------------------------+


+------------------------------------------------------------------------------------+
; Flow OS Summary                                                                    ;
+----------------------+------------------+------------+------------+----------------+
; Module Name          ; Machine Hostname ; OS Name    ; OS Version ; Processor type ;
+----------------------+------------------+------------+------------+----------------+
; Analysis & Synthesis ; LAPTOP-AVTN66FN  ; Windows 10 ; 10.0       ; x86_64         ;
; Fitter               ; LAPTOP-AVTN66FN  ; Windows 10 ; 10.0       ; x86_64         ;
; Assembler            ; LAPTOP-AVTN66FN  ; Windows 10 ; 10.0       ; x86_64         ;
; Timing Analyzer      ; LAPTOP-AVTN66FN  ; Windows 10 ; 10.0       ; x86_64         ;
; EDA Netlist Writer   ; LAPTOP-AVTN66FN  ; Windows 10 ; 10.0       ; x86_64         ;
+----------------------+------------------+------------+------------+----------------+


------------
; Flow Log ;
------------
quartus_map --read_settings_files=on --write_settings_files=off SystemFPGA -c SystemFPGA
quartus_fit --read_settings_files=off --write_settings_files=off SystemFPGA -c SystemFPGA
quartus_asm --read_settings_files=off --write_settings_files=off SystemFPGA -c SystemFPGA
quartus_sta SystemFPGA -c SystemFPGA
quartus_eda --read_settings_files=off --write_settings_files=off SystemFPGA -c SystemFPGA



